    ======  ======
    Time:26-08-2019 18:50:08
    Title: Initiate log
    Message: 
    Time:26-08-2019 18:50:08
    Title: Initiate InternalManager
    Message: Trying to Validate License
    Time:26-08-2019 18:50:08
    Title: Requesting EVT
    Message: EVTP
    Time:26-08-2019 18:50:08
    Title: Requesting Validation
    Message: ILMValidate
    Time:26-08-2019 18:50:08
    Title: LICENSER
    Message: READ REGS START
    Time:26-08-2019 18:50:08
    Title: LICENSER
    Message: TRL MODE
    Time:26-08-2019 18:50:08
    Title: LICENSER
    Message: DS LEFT6
    Time:26-08-2019 18:50:08
    Title: LICENSER
    Message: DT MARK PASSED6.00:00:00
    Time:26-08-2019 18:50:11
    Title: Requesting Validation
    Message: ILMValidate True
    Time:26-08-2019 18:50:11
    Title: Requesting Validation
    Message: ILMValidate True Trial
